1741025914.754983 client started (38488): version 3.5, socket /private/tmp/tmux-501/default, protocol 8
1741025914.755048 on Darwin 24.3.0 Darwin Kernel Version 24.3.0: Thu Jan  2 20:24:23 PST 2025; root:xnu-11215.81.4~3/RELEASE_ARM64_T6031
1741025914.755068 using libevent 2.1.12-stable select
1741025914.755108 using utf8proc 2.10.0
1741025914.755115 using ncurses 6.0 20150808
1741025914.755139 flags are 0x18010000
1741025914.755146 socket is /private/tmp/tmux-501/default
1741025914.755158 trying connect
1741025914.755242 add peer 0x140008000: 6 (0x0)
1741025914.759134 sending message 111 to peer 0x140008000 (8 bytes)
1741025914.759150 sending message 111 to peer 0x140008000 (8 bytes)
1741025914.759156 sending message 101 to peer 0x140008000 (15 bytes)
1741025914.759161 sending message 109 to peer 0x140008000 (4 bytes)
1741025914.759166 sending message 102 to peer 0x140008000 (13 bytes)
1741025914.759171 sending message 108 to peer 0x140008000 (51 bytes)
1741025914.759176 sending message 112 to peer 0x140008000 (58 bytes)
1741025914.759181 sending message 112 to peer 0x140008000 (5 bytes)
1741025914.759186 sending message 112 to peer 0x140008000 (5 bytes)
1741025914.759190 sending message 112 to peer 0x140008000 (6 bytes)
1741025914.759195 sending message 112 to peer 0x140008000 (6 bytes)
1741025914.759200 sending message 112 to peer 0x140008000 (11 bytes)
1741025914.759204 sending message 112 to peer 0x140008000 (10 bytes)
1741025914.759209 sending message 112 to peer 0x140008000 (13 bytes)
1741025914.759214 sending message 112 to peer 0x140008000 (14 bytes)
1741025914.759218 sending message 112 to peer 0x140008000 (19 bytes)
1741025914.759223 sending message 112 to peer 0x140008000 (11 bytes)
1741025914.759227 sending message 112 to peer 0x140008000 (10 bytes)
1741025914.759232 sending message 112 to peer 0x140008000 (15 bytes)
1741025914.759236 sending message 112 to peer 0x140008000 (21 bytes)
1741025914.759241 sending message 112 to peer 0x140008000 (13 bytes)
1741025914.759246 sending message 112 to peer 0x140008000 (7 bytes)
1741025914.759250 sending message 112 to peer 0x140008000 (13 bytes)
1741025914.759255 sending message 112 to peer 0x140008000 (7 bytes)
1741025914.759259 sending message 112 to peer 0x140008000 (13 bytes)
1741025914.759264 sending message 112 to peer 0x140008000 (9 bytes)
1741025914.759268 sending message 112 to peer 0x140008000 (21 bytes)
1741025914.759273 sending message 112 to peer 0x140008000 (13 bytes)
1741025914.759277 sending message 112 to peer 0x140008000 (9 bytes)
1741025914.759282 sending message 112 to peer 0x140008000 (16 bytes)
1741025914.759286 sending message 112 to peer 0x140008000 (13 bytes)
1741025914.759291 sending message 112 to peer 0x140008000 (9 bytes)
1741025914.759295 sending message 112 to peer 0x140008000 (9 bytes)
1741025914.759300 sending message 112 to peer 0x140008000 (12 bytes)
1741025914.759304 sending message 112 to peer 0x140008000 (8 bytes)
1741025914.759309 sending message 112 to peer 0x140008000 (8 bytes)
1741025914.759313 sending message 112 to peer 0x140008000 (13 bytes)
1741025914.759318 sending message 112 to peer 0x140008000 (7 bytes)
1741025914.759323 sending message 112 to peer 0x140008000 (7 bytes)
1741025914.759327 sending message 112 to peer 0x140008000 (9 bytes)
1741025914.759332 sending message 112 to peer 0x140008000 (9 bytes)
1741025914.759336 sending message 112 to peer 0x140008000 (15 bytes)
1741025914.759341 sending message 112 to peer 0x140008000 (13 bytes)
1741025914.759345 sending message 112 to peer 0x140008000 (12 bytes)
1741025914.759350 sending message 112 to peer 0x140008000 (8 bytes)
1741025914.759354 sending message 112 to peer 0x140008000 (14 bytes)
1741025914.759359 sending message 112 to peer 0x140008000 (11 bytes)
1741025914.759363 sending message 112 to peer 0x140008000 (9 bytes)
1741025914.759368 sending message 112 to peer 0x140008000 (10 bytes)
1741025914.759372 sending message 112 to peer 0x140008000 (10 bytes)
1741025914.759377 sending message 112 to peer 0x140008000 (10 bytes)
1741025914.759381 sending message 112 to peer 0x140008000 (10 bytes)
1741025914.759396 sending message 112 to peer 0x140008000 (11 bytes)
1741025914.759399 sending message 112 to peer 0x140008000 (12 bytes)
1741025914.759403 sending message 112 to peer 0x140008000 (12 bytes)
1741025914.759406 sending message 112 to peer 0x140008000 (12 bytes)
1741025914.759409 sending message 112 to peer 0x140008000 (12 bytes)
1741025914.759412 sending message 112 to peer 0x140008000 (12 bytes)
1741025914.759416 sending message 112 to peer 0x140008000 (11 bytes)
1741025914.759419 sending message 112 to peer 0x140008000 (11 bytes)
1741025914.759422 sending message 112 to peer 0x140008000 (12 bytes)
1741025914.759426 sending message 112 to peer 0x140008000 (12 bytes)
1741025914.759429 sending message 112 to peer 0x140008000 (12 bytes)
1741025914.759432 sending message 112 to peer 0x140008000 (12 bytes)
1741025914.759436 sending message 112 to peer 0x140008000 (12 bytes)
1741025914.759439 sending message 112 to peer 0x140008000 (9 bytes)
1741025914.759442 sending message 112 to peer 0x140008000 (12 bytes)
1741025914.759446 sending message 112 to peer 0x140008000 (13 bytes)
1741025914.759449 sending message 112 to peer 0x140008000 (13 bytes)
1741025914.759453 sending message 112 to peer 0x140008000 (13 bytes)
1741025914.759456 sending message 112 to peer 0x140008000 (13 bytes)
1741025914.759460 sending message 112 to peer 0x140008000 (13 bytes)
1741025914.759463 sending message 112 to peer 0x140008000 (8 bytes)
1741025914.759466 sending message 112 to peer 0x140008000 (11 bytes)
1741025914.759470 sending message 112 to peer 0x140008000 (11 bytes)
1741025914.759473 sending message 112 to peer 0x140008000 (11 bytes)
1741025914.759476 sending message 112 to peer 0x140008000 (12 bytes)
1741025914.759479 sending message 112 to peer 0x140008000 (12 bytes)
1741025914.759483 sending message 112 to peer 0x140008000 (12 bytes)
1741025914.759486 sending message 112 to peer 0x140008000 (12 bytes)
1741025914.759489 sending message 112 to peer 0x140008000 (13 bytes)
1741025914.759492 sending message 112 to peer 0x140008000 (13 bytes)
1741025914.759496 sending message 112 to peer 0x140008000 (13 bytes)
1741025914.759499 sending message 112 to peer 0x140008000 (8 bytes)
1741025914.759502 sending message 112 to peer 0x140008000 (13 bytes)
1741025914.759505 sending message 112 to peer 0x140008000 (13 bytes)
1741025914.759508 sending message 112 to peer 0x140008000 (13 bytes)
1741025914.759512 sending message 112 to peer 0x140008000 (13 bytes)
1741025914.759515 sending message 112 to peer 0x140008000 (13 bytes)
1741025914.759518 sending message 112 to peer 0x140008000 (12 bytes)
1741025914.759522 sending message 112 to peer 0x140008000 (12 bytes)
1741025914.759525 sending message 112 to peer 0x140008000 (12 bytes)
1741025914.759528 sending message 112 to peer 0x140008000 (12 bytes)
1741025914.759532 sending message 112 to peer 0x140008000 (13 bytes)
1741025914.759535 sending message 112 to peer 0x140008000 (8 bytes)
1741025914.759538 sending message 112 to peer 0x140008000 (13 bytes)
1741025914.759541 sending message 112 to peer 0x140008000 (13 bytes)
1741025914.759545 sending message 112 to peer 0x140008000 (13 bytes)
1741025914.759548 sending message 112 to peer 0x140008000 (13 bytes)
1741025914.759551 sending message 112 to peer 0x140008000 (13 bytes)
1741025914.759554 sending message 112 to peer 0x140008000 (13 bytes)
1741025914.759557 sending message 112 to peer 0x140008000 (13 bytes)
1741025914.759561 sending message 112 to peer 0x140008000 (12 bytes)
1741025914.759564 sending message 112 to peer 0x140008000 (12 bytes)
1741025914.759567 sending message 112 to peer 0x140008000 (12 bytes)
1741025914.759570 sending message 112 to peer 0x140008000 (8 bytes)
1741025914.759574 sending message 112 to peer 0x140008000 (12 bytes)
1741025914.759577 sending message 112 to peer 0x140008000 (13 bytes)
1741025914.759580 sending message 112 to peer 0x140008000 (13 bytes)
1741025914.759584 sending message 112 to peer 0x140008000 (13 bytes)
1741025914.759587 sending message 112 to peer 0x140008000 (13 bytes)
1741025914.759590 sending message 112 to peer 0x140008000 (13 bytes)
1741025914.759600 sending message 112 to peer 0x140008000 (13 bytes)
1741025914.759603 sending message 112 to peer 0x140008000 (13 bytes)
1741025914.759607 sending message 112 to peer 0x140008000 (13 bytes)
1741025914.759610 sending message 112 to peer 0x140008000 (12 bytes)
1741025914.759613 sending message 112 to peer 0x140008000 (10 bytes)
1741025914.759616 sending message 112 to peer 0x140008000 (12 bytes)
1741025914.759620 sending message 112 to peer 0x140008000 (12 bytes)
1741025914.759623 sending message 112 to peer 0x140008000 (12 bytes)
1741025914.759626 sending message 112 to peer 0x140008000 (13 bytes)
1741025914.759630 sending message 112 to peer 0x140008000 (13 bytes)
1741025914.759633 sending message 112 to peer 0x140008000 (13 bytes)
1741025914.759637 sending message 112 to peer 0x140008000 (13 bytes)
1741025914.759640 sending message 112 to peer 0x140008000 (13 bytes)
1741025914.759643 sending message 112 to peer 0x140008000 (13 bytes)
1741025914.759646 sending message 112 to peer 0x140008000 (13 bytes)
1741025914.759650 sending message 112 to peer 0x140008000 (10 bytes)
1741025914.759653 sending message 112 to peer 0x140008000 (13 bytes)
1741025914.759656 sending message 112 to peer 0x140008000 (12 bytes)
1741025914.759660 sending message 112 to peer 0x140008000 (12 bytes)
1741025914.759663 sending message 112 to peer 0x140008000 (12 bytes)
1741025914.759666 sending message 112 to peer 0x140008000 (10 bytes)
1741025914.759670 sending message 112 to peer 0x140008000 (10 bytes)
1741025914.759673 sending message 112 to peer 0x140008000 (10 bytes)
1741025914.759676 sending message 112 to peer 0x140008000 (12 bytes)
1741025914.759679 sending message 112 to peer 0x140008000 (13 bytes)
1741025914.759683 sending message 112 to peer 0x140008000 (13 bytes)
1741025914.759686 sending message 112 to peer 0x140008000 (13 bytes)
1741025914.759689 sending message 112 to peer 0x140008000 (13 bytes)
1741025914.759692 sending message 112 to peer 0x140008000 (13 bytes)
1741025914.759696 sending message 112 to peer 0x140008000 (10 bytes)
1741025914.759699 sending message 112 to peer 0x140008000 (11 bytes)
1741025914.759703 sending message 112 to peer 0x140008000 (12 bytes)
1741025914.759706 sending message 112 to peer 0x140008000 (12 bytes)
1741025914.759709 sending message 112 to peer 0x140008000 (12 bytes)
1741025914.759712 sending message 112 to peer 0x140008000 (12 bytes)
1741025914.759715 sending message 112 to peer 0x140008000 (12 bytes)
1741025914.759719 sending message 112 to peer 0x140008000 (11 bytes)
1741025914.759722 sending message 112 to peer 0x140008000 (12 bytes)
1741025914.759725 sending message 112 to peer 0x140008000 (12 bytes)
1741025914.759728 sending message 112 to peer 0x140008000 (13 bytes)
1741025914.759732 sending message 112 to peer 0x140008000 (13 bytes)
1741025914.759735 sending message 112 to peer 0x140008000 (13 bytes)
1741025914.759738 sending message 112 to peer 0x140008000 (13 bytes)
1741025914.759741 sending message 112 to peer 0x140008000 (13 bytes)
1741025914.759745 sending message 112 to peer 0x140008000 (10 bytes)
1741025914.759748 sending message 112 to peer 0x140008000 (9 bytes)
1741025914.759751 sending message 112 to peer 0x140008000 (12 bytes)
1741025914.759754 sending message 112 to peer 0x140008000 (13 bytes)
1741025914.759757 sending message 112 to peer 0x140008000 (13 bytes)
1741025914.759761 sending message 112 to peer 0x140008000 (13 bytes)
1741025914.759764 sending message 112 to peer 0x140008000 (13 bytes)
1741025914.759767 sending message 112 to peer 0x140008000 (13 bytes)
1741025914.759770 sending message 112 to peer 0x140008000 (9 bytes)
1741025914.759774 sending message 112 to peer 0x140008000 (12 bytes)
1741025914.759777 sending message 112 to peer 0x140008000 (13 bytes)
1741025914.759780 sending message 112 to peer 0x140008000 (13 bytes)
1741025914.759783 sending message 112 to peer 0x140008000 (13 bytes)
1741025914.759786 sending message 112 to peer 0x140008000 (13 bytes)
1741025914.759790 sending message 112 to peer 0x140008000 (13 bytes)
1741025914.759797 sending message 112 to peer 0x140008000 (11 bytes)
1741025914.759801 sending message 112 to peer 0x140008000 (12 bytes)
1741025914.759804 sending message 112 to peer 0x140008000 (13 bytes)
1741025914.759808 sending message 112 to peer 0x140008000 (13 bytes)
1741025914.759811 sending message 112 to peer 0x140008000 (13 bytes)
1741025914.759814 sending message 112 to peer 0x140008000 (13 bytes)
1741025914.759818 sending message 112 to peer 0x140008000 (13 bytes)
1741025914.759821 sending message 112 to peer 0x140008000 (11 bytes)
1741025914.759825 sending message 112 to peer 0x140008000 (12 bytes)
1741025914.759828 sending message 112 to peer 0x140008000 (12 bytes)
1741025914.759831 sending message 112 to peer 0x140008000 (12 bytes)
1741025914.759834 sending message 112 to peer 0x140008000 (12 bytes)
1741025914.759837 sending message 112 to peer 0x140008000 (12 bytes)
1741025914.759841 sending message 112 to peer 0x140008000 (21 bytes)
1741025914.759844 sending message 112 to peer 0x140008000 (12 bytes)
1741025914.759847 sending message 112 to peer 0x140008000 (9 bytes)
1741025914.759851 sending message 112 to peer 0x140008000 (6 bytes)
1741025914.759854 sending message 112 to peer 0x140008000 (13 bytes)
1741025914.759857 sending message 112 to peer 0x140008000 (10 bytes)
1741025914.759860 sending message 112 to peer 0x140008000 (15 bytes)
1741025914.759864 sending message 112 to peer 0x140008000 (13 bytes)
1741025914.759867 sending message 112 to peer 0x140008000 (9 bytes)
1741025914.759870 sending message 112 to peer 0x140008000 (70 bytes)
1741025914.759873 sending message 112 to peer 0x140008000 (69 bytes)
1741025914.759877 sending message 112 to peer 0x140008000 (73 bytes)
1741025914.759880 sending message 112 to peer 0x140008000 (12 bytes)
1741025914.759883 sending message 112 to peer 0x140008000 (10 bytes)
1741025914.759886 sending message 112 to peer 0x140008000 (10 bytes)
1741025914.759890 sending message 112 to peer 0x140008000 (15 bytes)
1741025914.759893 sending message 112 to peer 0x140008000 (13 bytes)
1741025914.759896 sending message 112 to peer 0x140008000 (10 bytes)
1741025914.759899 sending message 112 to peer 0x140008000 (10 bytes)
1741025914.759902 sending message 112 to peer 0x140008000 (17 bytes)
1741025914.759906 sending message 112 to peer 0x140008000 (13 bytes)
1741025914.759909 sending message 112 to peer 0x140008000 (15 bytes)
1741025914.759912 sending message 112 to peer 0x140008000 (5 bytes)
1741025914.759920 sending message 104 to peer 0x140008000 (0 bytes)
1741025914.759924 sending message 110 to peer 0x140008000 (0 bytes)
1741025914.759928 sending message 107 to peer 0x140008000 (4 bytes)
1741025914.759931 sending message 105 to peer 0x140008000 (60 bytes)
1741025914.759935 sending message 105 to peer 0x140008000 (66 bytes)
1741025914.759938 sending message 105 to peer 0x140008000 (27 bytes)
1741025914.759941 sending message 105 to peer 0x140008000 (15 bytes)
1741025914.759945 sending message 105 to peer 0x140008000 (22 bytes)
1741025914.759948 sending message 105 to peer 0x140008000 (14 bytes)
1741025914.759951 sending message 105 to peer 0x140008000 (17 bytes)
1741025914.759954 sending message 105 to peer 0x140008000 (55 bytes)
1741025914.759958 sending message 105 to peer 0x140008000 (15 bytes)
1741025914.759961 sending message 105 to peer 0x140008000 (43 bytes)
1741025914.759964 sending message 105 to peer 0x140008000 (24 bytes)
1741025914.759967 sending message 105 to peer 0x140008000 (44 bytes)
1741025914.759971 sending message 105 to peer 0x140008000 (28 bytes)
1741025914.759974 sending message 105 to peer 0x140008000 (23 bytes)
1741025914.759978 sending message 105 to peer 0x140008000 (888 bytes)
1741025914.759981 sending message 105 to peer 0x140008000 (19 bytes)
1741025914.759985 sending message 105 to peer 0x140008000 (20 bytes)
1741025914.759988 sending message 105 to peer 0x140008000 (22 bytes)
1741025914.759991 sending message 105 to peer 0x140008000 (20 bytes)
1741025914.759994 sending message 105 to peer 0x140008000 (86 bytes)
1741025914.760006 sending message 105 to peer 0x140008000 (27 bytes)
1741025914.760009 sending message 105 to peer 0x140008000 (57 bytes)
1741025914.760013 sending message 105 to peer 0x140008000 (20 bytes)
1741025914.760016 sending message 105 to peer 0x140008000 (19 bytes)
1741025914.760019 sending message 105 to peer 0x140008000 (23 bytes)
1741025914.760023 sending message 105 to peer 0x140008000 (54 bytes)
1741025914.760026 sending message 105 to peer 0x140008000 (32 bytes)
1741025914.760029 sending message 105 to peer 0x140008000 (61 bytes)
1741025914.760033 sending message 105 to peer 0x140008000 (8 bytes)
1741025914.760036 sending message 105 to peer 0x140008000 (29 bytes)
1741025914.760039 sending message 105 to peer 0x140008000 (46 bytes)
1741025914.760043 sending message 105 to peer 0x140008000 (56 bytes)
1741025914.760046 sending message 105 to peer 0x140008000 (51 bytes)
1741025914.760049 sending message 105 to peer 0x140008000 (42 bytes)
1741025914.760052 sending message 105 to peer 0x140008000 (12 bytes)
1741025914.760056 sending message 105 to peer 0x140008000 (12 bytes)
1741025914.760059 sending message 105 to peer 0x140008000 (16 bytes)
1741025914.760062 sending message 105 to peer 0x140008000 (56 bytes)
1741025914.760065 sending message 105 to peer 0x140008000 (14 bytes)
1741025914.760073 sending message 105 to peer 0x140008000 (14 bytes)
1741025914.760077 sending message 105 to peer 0x140008000 (19 bytes)
1741025914.760081 sending message 105 to peer 0x140008000 (20 bytes)
1741025914.760084 sending message 105 to peer 0x140008000 (32 bytes)
1741025914.760087 sending message 105 to peer 0x140008000 (35 bytes)
1741025914.760091 sending message 105 to peer 0x140008000 (53 bytes)
1741025914.760094 sending message 105 to peer 0x140008000 (11 bytes)
1741025914.760097 sending message 105 to peer 0x140008000 (26 bytes)
1741025914.760100 sending message 105 to peer 0x140008000 (41 bytes)
1741025914.760104 sending message 105 to peer 0x140008000 (21 bytes)
1741025914.760107 sending message 105 to peer 0x140008000 (61 bytes)
1741025914.760110 sending message 105 to peer 0x140008000 (30 bytes)
1741025914.760113 sending message 105 to peer 0x140008000 (37 bytes)
1741025914.760117 sending message 105 to peer 0x140008000 (34 bytes)
1741025914.760120 sending message 105 to peer 0x140008000 (35 bytes)
1741025914.760123 sending message 105 to peer 0x140008000 (13 bytes)
1741025914.760127 sending message 105 to peer 0x140008000 (312 bytes)
1741025914.760130 sending message 105 to peer 0x140008000 (44 bytes)
1741025914.760134 sending message 105 to peer 0x140008000 (30 bytes)
1741025914.760137 sending message 105 to peer 0x140008000 (689 bytes)
1741025914.760140 sending message 105 to peer 0x140008000 (75 bytes)
1741025914.760144 sending message 105 to peer 0x140008000 (11 bytes)
1741025914.760147 sending message 105 to peer 0x140008000 (11 bytes)
1741025914.760150 sending message 105 to peer 0x140008000 (54 bytes)
1741025914.760154 sending message 105 to peer 0x140008000 (41 bytes)
1741025914.760157 sending message 105 to peer 0x140008000 (34 bytes)
1741025914.760160 sending message 105 to peer 0x140008000 (38 bytes)
1741025914.760164 sending message 106 to peer 0x140008000 (0 bytes)
1741025914.760246 sending message 200 to peer 0x140008000 (4 bytes)
1741025914.760252 client loop enter
1741025914.766518 peer 0x140008000 message 207
1741025914.766531 sending message 208 to peer 0x140008000 (0 bytes)
1741025916.600665 peer 0x140008000 message 201
1741025916.600802 sending message 205 to peer 0x140008000 (0 bytes)
1741025916.602192 peer 0x140008000 message 204
1741025916.602300 client loop exit
